build/app/outputs/mapping/release/seeds.txt
com.example.mma_mse.MainActivity: MainActivity()
com.example.mma_mse.MainActivity
...
me.dm7.barcodescanner.core.BarcodeScannerView: void setSquareViewFinder(boolean)
androidx.appcompat.widget.ActionMenuView: void setOnMenuItemClickListener(androidx.appcompat.widget.ActionMenuView$OnMenuItemClickListener)
com.pichillilorenzo.flutter_inappwebview.InAppBrowser.InAppBrowserActivity: void reloadButtonClicked(android.view.MenuItem)
io.flutter.view.AccessibilityViewEmbedder: java.lang.String TAG
io.flutter.plugins.urllauncher.WebViewActivity$FlutterWebChromeClient$1
com.google.zxing.qrcode.decoder.ErrorCorrectionLevel: com.google.zxing.qrcode.decoder.ErrorCorrectionLevel valueOf(java.lang.String)
org.chromium.support_lib_boundary.WebViewClientBoundaryInterface: void onPageCommitVisible(android.webkit.WebView,java.lang.String)
androidx.appcompat.widget.AppCompatMultiAutoCompleteTextView: void setSupportBackgroundTintMode(android.graphics.PorterDuff$Mode)
io.flutter.plugins.imagepicker.CameraDevice: io.flutter.plugins.imagepicker.CameraDevice[] values()
com.google.android.material.internal.ForegroundLinearLayout: int getForegroundGravity()
androidx.appcompat.widget.Toolbar: void setLogoDescription(int)
android.support.v4.os.ResultReceiver: android.os.Parcelable$Creator CREATOR
androidx.versionedparcelable.ParcelImpl: android.os.Parcelable$Creator CREATOR
io.flutter.plugin.editing.ImeSyncDeferringInsetsCallback: int access$100(io.flutter.plugin.editing.ImeSyncDeferringInsetsCallback)
io.flutter.embedding.engine.FlutterJNI: android.os.Looper mainLooper
androidx.appcompat.widget.Toolbar: java.lang.CharSequence getTitle()
androidx.appcompat.widget.AppCompatSpinner: android.graphics.PorterDuff$Mode getSupportBackgroundTintMode()
com.google.android.material.circularreveal.CircularRevealFrameLayout: android.graphics.drawable.Drawable getCircularRevealOverlayDrawable()
io.flutter.embedding.engine.FlutterJNI: void nativeSetViewportMetrics(long,float,int,int,int,int,int,int,int,int,int,int,int,int,int,int)
org.chromium.support_lib_boundary.WebMessageBoundaryInterface: java.lang.String getData()
androidx.appcompat.widget.FitWindowsLinearLayout
io.flutter.embedding.android.TransparencyMode: io.flutter.embedding.android.TransparencyMode valueOf(java.lang.String)
com.google.common.util.concurrent.AbstractFuture: com.google.common.util.concurrent.AbstractFuture$Listener listeners
androidx.appcompat.widget.AppCompatSpinner: android.content.res.ColorStateList getSupportBackgroundTintList()
com.google.android.material.floatingactionbutton.FloatingActionButton: void setImageResource(int)
androidx.recyclerview.widget.RecyclerView: void setLayoutFrozen(boolean)
com.google.zxing.common.CharacterSetECI: com.google.zxing.common.CharacterSetECI[] values()
androidx.appcompat.widget.AppCompatAutoCompleteTextView
androidx.appcompat.widget.Toolbar: void setSubtitle(java.lang.CharSequence)
androidx.appcompat.widget.AppCompatTextView: int getLastBaselineToBottomHeight()
androidx.appcompat.widget.Toolbar: void setTitleMarginBottom(int)
io.flutter.view.AccessibilityBridge$TextDirection: io.flutter.view.AccessibilityBridge$TextDirection valueOf(java.lang.String)
io.flutter.embedding.engine.systemchannels.TextInputChannel$TextInputType: io.flutter.embedding.engine.systemchannels.TextInputChannel$TextInputType valueOf(java.lang.String)
androidx.recyclerview.widget.GridLayoutManager: GridLayoutManager(android.content.Context,android.util.AttributeSet,int,int)
androidx.loader.app.LoaderManagerImpl$LoaderViewModel: LoaderManagerImpl$LoaderViewModel()
androidx.vectordrawable.graphics.drawable.VectorDrawableCompat$VGroup: void setTranslateX(float)
io.flutter.view.FlutterView
androidx.media.AudioAttributesCompat: AudioAttributesCompat()
android.support.v4.media.MediaBrowserCompat$SearchResultReceiver
androidx.appcompat.widget.ActionBarContextView: ActionBarContextView(android.content.Context,android.util.AttributeSet)
io.flutter.embedding.engine.FlutterJNI: void ensureRunningOnMainThread()