build/app/outputs/mapping/release/mapping.txt
# compiler: R8
# compiler_version: 2.1.62
# min_api: 17
# pg_map_id: 3f5c4da
# common_typos_disable
...
okhttp3.internal.http.StatusLine -> i.e0.g.k:
    okhttp3.Protocol protocol -> a
    int code -> b
    java.lang.String message -> c
    okhttp3.internal.http.StatusLine parse(java.lang.String) -> a
okhttp3.internal.http1.Http1Codec -> i.e0.h.a:
    okhttp3.OkHttpClient client -> a
    okhttp3.internal.connection.StreamAllocation streamAllocation -> b
    okio.BufferedSink sink -> d
    okio.BufferedSource source -> c
    long headerLimit -> f
    int state -> e
    void finishRequest() -> a
    void writeRequestHeaders(okhttp3.Request) -> b
    okhttp3.ResponseBody openResponseBody(okhttp3.Response) -> c
    void flushRequest() -> d
    okio.Sink createRequestBody(okhttp3.Request,long) -> e
    okhttp3.Response$Builder readResponseHeaders(boolean) -> f
    void detachTimeout(okio.ForwardingTimeout) -> g
    okio.Sink newChunkedSink() -> h
    okio.Source newChunkedSource(okhttp3.HttpUrl) -> i
    okio.Sink newFixedLengthSink(long) -> j
    okio.Source newFixedLengthSource(long) -> k
    okio.Source newUnknownLengthSource() -> l
    java.lang.String readHeaderLine() -> m
    okhttp3.Headers readHeaders() -> n
    void writeRequest(okhttp3.Headers,java.lang.String) -> o
okhttp3.internal.http1.Http1Codec$1 -> i.e0.h.a$a:
okhttp3.internal.http1.Http1Codec$AbstractSource -> i.e0.h.a$b:
    okio.ForwardingTimeout timeout -> b
    long bytesRead -> d
    okhttp3.internal.http1.Http1Codec this$0 -> e
    boolean closed -> c
    okio.Timeout timeout() -> b
    long read(okio.Buffer,long) -> i
    void endOfInput(boolean,java.io.IOException) -> r
okhttp3.internal.http1.Http1Codec$ChunkedSink -> i.e0.h.a$c:
    okhttp3.internal.http1.Http1Codec this$0 -> d
    okio.ForwardingTimeout timeout -> b
    boolean closed -> c
    okio.Timeout timeout() -> b
    void write(okio.Buffer,long) -> e
okhttp3.internal.http1.Http1Codec$ChunkedSource -> i.e0.h.a$d:
    okhttp3.HttpUrl url -> f
    long bytesRemainingInChunk -> g
    boolean hasMoreChunks -> h
    okhttp3.internal.http1.Http1Codec this$0 -> i
    long read(okio.Buffer,long) -> i
    void readChunkSize() -> z
okhttp3.internal.http1.Http1Codec$FixedLengthSink -> i.e0.h.a$e:
    okio.ForwardingTimeout timeout -> b
    long bytesRemaining -> d
    okhttp3.internal.http1.Http1Codec this$0 -> e
    boolean closed -> c
    okio.Timeout timeout() -> b
    void write(okio.Buffer,long) -> e
okhttp3.internal.http1.Http1Codec$FixedLengthSource -> i.e0.h.a$f:
    long bytesRemaining -> f
    long read(okio.Buffer,long) -> i
okhttp3.internal.http1.Http1Codec$UnknownLengthSource -> i.e0.h.a$g:
    boolean inputExhausted -> f
    long read(okio.Buffer,long) -> i
okhttp3.internal.http2.ConnectionShutdownException -> i.e0.i.a:
okhttp3.internal.http2.ErrorCode -> i.e0.i.b:
    okhttp3.internal.http2.ErrorCode INADEQUATE_SECURITY -> l
    okhttp3.internal.http2.ErrorCode HTTP_1_1_REQUIRED -> m
    okhttp3.internal.http2.ErrorCode CONNECT_ERROR -> j
    okhttp3.internal.http2.ErrorCode ENHANCE_YOUR_CALM -> k
    okhttp3.internal.http2.ErrorCode CANCEL -> h
    okhttp3.internal.http2.ErrorCode[] $VALUES -> n
    okhttp3.internal.http2.ErrorCode COMPRESSION_ERROR -> i
    okhttp3.internal.http2.ErrorCode FLOW_CONTROL_ERROR -> f
    okhttp3.internal.http2.ErrorCode REFUSED_STREAM -> g
    okhttp3.internal.http2.ErrorCode PROTOCOL_ERROR -> d
    okhttp3.internal.http2.ErrorCode INTERNAL_ERROR -> e
    int httpCode -> b
    okhttp3.internal.http2.ErrorCode NO_ERROR -> c
    okhttp3.internal.http2.ErrorCode fromHttp2(int) -> a
okhttp3.internal.http2.Header -> i.e0.i.c:
    okio.ByteString value -> b
    okio.ByteString RESPONSE_STATUS -> e
    okio.ByteString PSEUDO_PREFIX -> d
    okio.ByteString name -> a
    okio.ByteString TARGET_PATH -> g
    okio.ByteString TARGET_METHOD -> f
    int hpackSize -> c
    okio.ByteString TARGET_AUTHORITY -> i
    okio.ByteString TARGET_SCHEME -> h