build/app/outputs/mapping/release/usage.txt
com.example.mma_mse.R$drawable
com.example.mma_mse.R$animator
com.example.mma_mse.R$color
com.example.mma_mse.R$xml
com.example.mma_mse.R$anim
com.example.mma_mse.R$id
com.example.mma_mse.R$style
com.example.mma_mse.BuildConfig
com.example.mma_mse.R$string
com.example.mma_mse.R$layout
com.example.mma_mse.R$menu
com.example.mma_mse.R$integer
com.example.mma_mse.R$bool
com.example.mma_mse.R$interpolator
com.example.mma_mse.R$styleable
com.example.mma_mse.R$mipmap
com.example.mma_mse.R$attr
com.example.mma_mse.R$dimen
com.example.mma_mse.R
...
androidx.transition.AnimatorUtils:
    private void <init>()
com.google.common.collect.TreeRangeMap
com.google.common.collect.ImmutableMapKeySet
androidx.customview.R$id
androidx.core.view.ViewCompat$FocusRelativeDirection
kotlin.reflect.KProperty$DefaultImpls
kotlin.collections.ArraysKt___ArraysKt$withIndex$1
com.google.common.base.CharMatcher$JavaDigit
junit.runner.TestRunListener
com.google.common.util.concurrent.Futures$1
com.google.common.base.FinalizableWeakReference
com.google.common.collect.Lists$Partition
com.google.android.material.appbar.AppBarLayout:
    public void <init>(android.content.Context)
    public void <init>(android.content.Context,android.util.AttributeSet)
    public void addOnOffsetChangedListener(com.google.android.material.appbar.AppBarLayout$BaseOnOffsetChangedListener)
    public void addOnOffsetChangedListener(com.google.android.material.appbar.AppBarLayout$OnOffsetChangedListener)
    public void removeOnOffsetChangedListener(com.google.android.material.appbar.AppBarLayout$BaseOnOffsetChangedListener)
    public void removeOnOffsetChangedListener(com.google.android.material.appbar.AppBarLayout$OnOffsetChangedListener)
    public boolean setLiftable(boolean)
    public boolean setLifted(boolean)
    androidx.core.view.WindowInsetsCompat onWindowInsetChanged(androidx.core.view.WindowInsetsCompat)
    static final int PENDING_ACTION_NONE
    static final int PENDING_ACTION_EXPANDED
    static final int PENDING_ACTION_COLLAPSED
    static final int PENDING_ACTION_ANIMATE_ENABLED
    static final int PENDING_ACTION_FORCE
    private static final int INVALID_SCROLL_RANGE
org.junit.validator.ValidateWith
org.junit.internal.runners.rules.RuleMemberValidator$RuleValidator
kotlin.jvm.Throws
com.google.common.util.concurrent.AbstractListeningExecutorService
kotlin.io.FilesKt__UtilsKt$copyRecursively$1
org.hamcrest.SelfDescribing
com.google.common.collect.Tables$TransformedTable$1
okhttp3.CertificatePinner$Builder:
    public varargs okhttp3.CertificatePinner$Builder add(java.lang.String,java.lang.String[])
com.google.android.material.internal.NavigationMenuPresenter$HeaderViewHolder
androidx.transition.ChangeTransform$Transforms
kotlin.ranges.RangesKt
okhttp3.internal.connection.RealConnection:
    public static okhttp3.internal.connection.RealConnection testConnection(okhttp3.ConnectionPool,okhttp3.Route,java.net.Socket,long)
    public okhttp3.internal.ws.RealWebSocket$Streams newWebSocketStreams(okhttp3.internal.connection.StreamAllocation)
    public void cancel()
    public okhttp3.Protocol protocol()
    private static final java.lang.String NPE_THROW_WITH_NULL
    private static final int MAX_TUNNEL_ATTEMPTS
org.junit.BeforeClass
androidx.recyclerview.widget.ScrollbarHelper:
    private void <init>()
com.google.common.collect.ImmutableClassToInstanceMap$Builder
com.google.common.hash.BloomFilter$SerialForm
com.google.common.collect.Iterators$3
kotlin.sequences.SequencesKt___SequencesKt$zip$1
com.google.common.math.LinearTransformation
android.support.v4.media.MediaMetadataCompat$RatingKey
com.google.common.collect.Maps$KeySet
kotlin.coroutines.experimental.CoroutineContext$Element$DefaultImpls
androidx.swiperefreshlayout.R$dimen
com.google.common.util.concurrent.Service$State$4
com.google.common.collect.ImmutableList$SerializedForm
io.flutter.plugins.pathprovider.R$dimen
org.junit.runners.Suite
com.google.common.collect.Multiset$Entry
android.support.v4.media.MediaBrowserCompat$ConnectionCallback
kotlin.jvm.internal.Ref$BooleanRef
android.support.v4.media.MediaBrowserCompat$MediaBrowserImplApi26
com.syncfusion.flutter.pdfviewer.R$styleable
io.flutter.embedding.android.FlutterSplashView:
    public void <init>(android.content.Context,android.util.AttributeSet)
com.google.common.math.LongMath$1
kotlin.sequences.SequencesKt__SequencesKt$flatten$1
androidx.core.view.NestedScrollingParent:
    public abstract int getNestedScrollAxes()
androidx.media.MediaBrowserServiceCompat$ServiceBinderImpl$1